{"/Users/chloieparsons/devstation/401/401-Final-Project/client-side-front-end/src/index.js": {"path":"/Users/chloieparsons/devstation/401/401-Final-Project/client-side-front-end/src/index.js","statementMap":{"0":{"start":{"line":7,"column":4},"end":{"line":7,"column":19}},"1":{"start":{"line":11,"column":20},"end":{"line":11,"column":51}},"2":{"start":{"line":12,"column":0},"end":{"line":12,"column":39}}},"fnMap":{"0":{"name":"(anonymous_0)","decl":{"start":{"line":6,"column":2},"end":{"line":6,"column":3}},"loc":{"start":{"line":6,"column":11},"end":{"line":8,"column":3}},"line":6}},"branchMap":{},"s":{"0":0,"1":0,"2":0},"f":{"0":0},"b":{},"hash":"f83d0e4d42fbfccc98a4322780f0342f6544fb0a"}
}
